Operating system: Microsoft Windows NT 6.2.9200.0
Opening INI file "C:\Users\JacobSparker\Documents\Rom Collection\Genesis Roms\Hacks\By Jacob\2018 Rom Hack (PROOF-OF-CONCEPT)\Sonic 1 2005 INIs\SonLVL.ini"...
Game type is S1.
Loading Hub World...
Loading 16x16 blocks from file "../map16/SBZ3.bin", using compression Enigma...
Loading 256x256 chunks from file "../map256/SBZ3.bin", using compression Kosinski...
Loading 8x8 tiles from file "../artnem/8x8sbz.bin", using compression Nemesis...
Loading FG layout from file "../levels/sbz2.bin", using compression Uncompressed...
Loading BG layout from file "../levels/sbz2bg.bin", using compression Uncompressed...
Loading palette file "../pallet/sonic.bin"...
Source: 0 Destination: 0 Length: 16
Loading palette file "../pallet/sbz_act2.bin"...
Source: 0 Destination: 16 Length: 48
Loading object definition file "obj.ini".
Loading object definition file "obj.ini".
Loading ObjectDefinition type S12005ObjectDefinitions.Common.Ring from "Common\Ring.cs"...
Loading type from cached assembly "dllcache\S12005ObjectDefinitions.Common.Ring.dll"...
Loading ObjectDefinition type S12005ObjectDefinitions.Common.InvisibleBlock from "Common\InvisibleBlock.cs"...
Loading type from cached assembly "dllcache\S12005ObjectDefinitions.Common.InvisibleBlock.dll"...
Loading objects from file "../objpos/fz.bin", using compression Uncompressed...
Loading start position "Level Start" from file "../misc/sloc_lev.bin"...
Drawing block bitmaps...
Drawing chunk bitmaps...
Load completed.
Opening INI file "C:\Users\JacobSparker\Documents\Rom Collection\Genesis Roms\Hacks\By Jacob\2018 Rom Hack (PROOF-OF-CONCEPT)\Sonic 1 2005 INIs\SonLVL.ini"...
Game type is S1.
Loading Hub World...
Loading palette file "../pallet/sonic.bin"...
Source: 0 Destination: 0 Length: 16
Loading FG layout from file "../levels/hub.bin", using compression Uncompressed...
Loading 256x256 chunks from file "../map256/SBZ3.bin", using compression Kosinski...
Loading 8x8 tiles from file "../artnem/8x8sbz.bin", using compression Nemesis...
Loading 16x16 blocks from file "../map16/SBZ3.bin", using compression Enigma...
Loading BG layout from file "../levels/hubbg.bin", using compression Uncompressed...
Loading palette file "../pallet/sbz_act2.bin"...
Source: 0 Destination: 16 Length: 48
Loading FG layout from file "../levels/sbz2.bin", using compression Uncompressed...
Loading BG layout from file "../levels/sbz2bg.bin", using compression Uncompressed...
Loading object definition file "obj.ini".
Loading object definition file "obj.ini".
Loading ObjectDefinition type S12005ObjectDefinitions.Common.Ring from "Common\Ring.cs"...
Loading type from cached assembly "dllcache\S12005ObjectDefinitions.Common.Ring.dll"...
Loading ObjectDefinition type S12005ObjectDefinitions.Common.InvisibleBlock from "Common\InvisibleBlock.cs"...
Loading type from cached assembly "dllcache\S12005ObjectDefinitions.Common.InvisibleBlock.dll"...
Loading objects from file "../objpos/fz.bin", using compression Uncompressed...
Loading start position "Level Start" from file "../misc/sloc_lev.bin"...
Drawing block bitmaps...
Drawing chunk bitmaps...
Load completed.
Loading Hub World...
Loading 8x8 tiles from file "../artnem/8x8sbz.bin", using compression Nemesis...
Loading 16x16 blocks from file "../map16/SBZ3.bin", using compression Enigma...
Loading FG layout from file "../levels/hub.bin", using compression Uncompressed...
Loading 256x256 chunks from file "../map256/SBZ3.bin", using compression Kosinski...
Loading BG layout from file "../levels/hubbg.bin", using compression Uncompressed...
Loading palette file "../pallet/sonic.bin"...
Source: 0 Destination: 0 Length: 16
Loading palette file "../pallet/sbz_act2.bin"...
Source: 0 Destination: 16 Length: 48
Loading FG layout from file "../levels/sbz2.bin", using compression Uncompressed...
Loading BG layout from file "../levels/sbz2bg.bin", using compression Uncompressed...
Loading object definition file "obj.ini".
Loading object definition file "obj.ini".
Loading ObjectDefinition type S12005ObjectDefinitions.Common.Ring from "Common\Ring.cs"...
Loading type from cached assembly "dllcache\S12005ObjectDefinitions.Common.Ring.dll"...
Loading ObjectDefinition type S12005ObjectDefinitions.Common.InvisibleBlock from "Common\InvisibleBlock.cs"...
Loading type from cached assembly "dllcache\S12005ObjectDefinitions.Common.InvisibleBlock.dll"...
Loading objects from file "../objpos/fz.bin", using compression Uncompressed...
Loading start position "Level Start" from file "../misc/sloc_lev.bin"...
Drawing block bitmaps...
Drawing chunk bitmaps...
Load completed.
Opening INI file "C:\Users\JacobSparker\Documents\Rom Collection\Genesis Roms\Hacks\By Jacob\2018 Rom Hack (PROOF-OF-CONCEPT)\Sonic 1 2005 INIs\SonLVL.ini"...
Game type is S1.
Loading Hub World...
Loading FG layout from file "../levels/hub.bin", using compression Uncompressed...
Loading 16x16 blocks from file "../map16/SBZ3.bin", using compression Enigma...
Loading 256x256 chunks from file "../map256/SBZ3.bin", using compression Kosinski...
Loading 8x8 tiles from file "../artnem/8x8sbz.bin", using compression Nemesis...
Loading palette file "../pallet/sonic.bin"...
Source: 0 Destination: 0 Length: 16
Loading BG layout from file "../levels/hubbg.bin", using compression Uncompressed...
Loading FG layout from file "../levels/sbz2.bin", using compression Uncompressed...
Loading BG layout from file "../levels/sbz2bg.bin", using compression Uncompressed...
Loading palette file "../pallet/hub.bin"...
Source: 0 Destination: 16 Length: 48
Loading object definition file "obj.ini".
Loading object definition file "obj.ini".
Loading ObjectDefinition type S12005ObjectDefinitions.Common.Ring from "Common\Ring.cs"...
Loading type from cached assembly "dllcache\S12005ObjectDefinitions.Common.Ring.dll"...
Loading ObjectDefinition type S12005ObjectDefinitions.Common.InvisibleBlock from "Common\InvisibleBlock.cs"...
Loading type from cached assembly "dllcache\S12005ObjectDefinitions.Common.InvisibleBlock.dll"...
Loading start position "Level Start" from file "../misc/sloc_lev.bin"...
Loading objects from file "../objpos/fz.bin", using compression Uncompressed...
Drawing block bitmaps...
Drawing chunk bitmaps...
Load completed.
Opening INI file "C:\Users\JacobSparker\Documents\Rom Collection\Genesis Roms\Hacks\By Jacob\2018 Rom Hack (PROOF-OF-CONCEPT)\Sonic 1 2005 INIs\SonLVL.ini"...
Game type is S1.
Loading Hub World...
Loading palette file "../pallet/sonic.bin"...
Source: 0 Destination: 0 Length: 16
Loading 8x8 tiles from file "../artnem/8x8sbz.bin", using compression Nemesis...
Loading FG layout from file "../levels/hub.bin", using compression Uncompressed...
Loading 256x256 chunks from file "../map256/hub.bin", using compression Kosinski...
Loading 16x16 blocks from file "../map16/hub.bin", using compression Enigma...
Loading palette file "../pallet/hub.bin"...
Source: 0 Destination: 16 Length: 48
Loading BG layout from file "../levels/hubbg.bin", using compression Uncompressed...
Loading object definition file "obj.ini".
Loading object definition file "obj.ini".
Loading ObjectDefinition type S12005ObjectDefinitions.Common.Ring from "Common\Ring.cs"...
Loading type from cached assembly "dllcache\S12005ObjectDefinitions.Common.Ring.dll"...
Loading ObjectDefinition type S12005ObjectDefinitions.Common.InvisibleBlock from "Common\InvisibleBlock.cs"...
Loading type from cached assembly "dllcache\S12005ObjectDefinitions.Common.InvisibleBlock.dll"...
Loading start position "Level Start" from file "../misc/sloc_lev.bin"...
Loading objects from file "../objpos/fz.bin", using compression Uncompressed...
Drawing block bitmaps...
Drawing chunk bitmaps...
Load completed.
Opening INI file "C:\Users\JacobSparker\Documents\Rom Collection\Genesis Roms\Hacks\By Jacob\2018 Rom Hack (PROOF-OF-CONCEPT)\Sonic 1 2005 INIs\SonLVL.ini"...
Game type is S1.
Loading Hub World...
Loading 256x256 chunks from file "../map256/hub.bin", using compression Kosinski...
Loading 16x16 blocks from file "../map16/hub.bin", using compression Enigma...
Loading 8x8 tiles from file "../artnem/8x8hub.bin", using compression Nemesis...
Loading FG layout from file "../levels/hub.bin", using compression Uncompressed...
Loading BG layout from file "../levels/hubbg.bin", using compression Uncompressed...
Unable to read file "../artnem/8x8hub.bin" with compression Nemesis:
Loading palette file "../pallet/sonic.bin"...
Source: 0 Destination: 0 Length: 16
Loading palette file "../pallet/hub.bin"...
Source: 0 Destination: 16 Length: 48
System.AggregateException: One or more errors occurred. ---> System.IO.EndOfStreamException: Attempted to read past the end of the stream.
   at SonicRetro.KensSharp.BigEndian.Read2(Stream stream)
   at SonicRetro.KensSharp.Nemesis.Decode(Stream input, Stream output)
   at SonicRetro.KensSharp.Nemesis.Decompress(Stream input, Stream output)
   at SonicRetro.KensSharp.Nemesis.Decompress(String sourceFilePath)
   at SonicRetro.SonLVL.API.Compression.Decompress(String file, CompressionType cmp) in E:\AutoBuild\SonLVL\SonLVLAPI\Compression.cs:line 51
   at SonicRetro.SonLVL.API.LevelData.LoadLevelTiles() in E:\AutoBuild\SonLVL\SonLVLAPI\LevelData.cs:line 332
   at System.Threading.Tasks.Task.InnerInvoke()
   at System.Threading.Tasks.Task.Execute()
   --- End of inner exception stack trace ---
   at System.Threading.Tasks.Task.WaitAll(Task[] tasks, Int32 millisecondsTimeout, CancellationToken cancellationToken)
   at System.Threading.Tasks.Task.WaitAll(Task[] tasks, Int32 millisecondsTimeout)
   at System.Threading.Tasks.Parallel.Invoke(ParallelOptions parallelOptions, Action[] actions)
   at System.Threading.Tasks.Parallel.Invoke(Action[] actions)
   at SonicRetro.SonLVL.API.LevelData.LoadLevel(String levelname, Boolean loadGraphics) in E:\AutoBuild\SonLVL\SonLVLAPI\LevelData.cs:line 157
   at SonicRetro.SonLVL.GUI.MainForm.backgroundLevelLoader_DoWork(Object sender, DoWorkEventArgs e) in E:\AutoBuild\SonLVL\SonLVL\MainForm.cs:line 556
---> (Inner Exception #0) System.IO.EndOfStreamException: Attempted to read past the end of the stream.
   at SonicRetro.KensSharp.BigEndian.Read2(Stream stream)
   at SonicRetro.KensSharp.Nemesis.Decode(Stream input, Stream output)
   at SonicRetro.KensSharp.Nemesis.Decompress(Stream input, Stream output)
   at SonicRetro.KensSharp.Nemesis.Decompress(String sourceFilePath)
   at SonicRetro.SonLVL.API.Compression.Decompress(String file, CompressionType cmp) in E:\AutoBuild\SonLVL\SonLVLAPI\Compression.cs:line 51
   at SonicRetro.SonLVL.API.LevelData.LoadLevelTiles() in E:\AutoBuild\SonLVL\SonLVLAPI\LevelData.cs:line 332
   at System.Threading.Tasks.Task.InnerInvoke()
   at System.Threading.Tasks.Task.Execute()<---

